
#------v: 2019:10:09 21:26:49
#------v: 2019:10:09 21:27:57
START TRANSACTION;
INSERT INTO u_consume SET user_id=2, stelle_id=54, time_id="2019-10-09 21:27:57",activity="getMap",prev="2019-10-09 20:38:26", nimagewidth=598,nimageheight=638, epsg_code='25833', minx=312721.40704159, miny=5996195.8456168, maxx=313982.69012734, maxy=5997541.636782;
UPDATE rolle SET last_time_id="2019-10-09 21:27:57" WHERE user_id = 2 AND stelle_id = 54;
COMMIT;
#------v: 2019:10:09 21:28:01
#------v: 2019:10:09 21:31:00
#------v: 2019:10:09 21:31:02
#------v: 2019:10:09 21:31:04
#------v: 2019:10:09 21:31:06
#------v: 2019:10:09 21:36:07
#------v: 2019:10:09 21:36:34
#------v: 2019:10:09 21:37:53
#------v: 2019:10:09 21:38:21
#------v: 2019:10:09 21:38:34
#------v: 2019:10:09 21:39:57
#------v: 2019:10:09 21:39:59
#------v: 2019:10:09 21:40:39
#------v: 2019:10:09 21:42:06
#------v: 2019:10:09 21:47:05
#------v: 2019:10:09 21:47:44
#------v: 2019:10:09 21:49:26
#------v: 2019:10:09 21:49:47
#------v: 2019:10:09 21:51:15
#------v: 2019:10:09 21:51:28
#------v: 2019:10:09 21:52:12
#------v: 2019:10:09 21:52:43
#------v: 2019:10:09 21:53:03
#------v: 2019:10:09 21:54:11
#------v: 2019:10:09 21:54:42
#------v: 2019:10:09 21:55:09
#------v: 2019:10:09 21:55:32
#------v: 2019:10:09 21:55:40
#------v: 2019:10:09 21:56:26
#------v: 2019:10:09 21:56:36
#------v: 2019:10:09 21:56:44
#------v: 2019:10:09 21:59:49
#------v: 2019:10:09 22:00:51
#------v: 2019:10:09 22:00:56
#------v: 2019:10:09 22:01:26
#------v: 2019:10:09 22:01:40
#------v: 2019:10:09 22:05:02
#------v: 2019:10:09 22:05:11
#------v: 2019:10:09 22:05:38
#------v: 2019:10:09 22:07:04
#------v: 2019:10:09 22:07:12
#------v: 2019:10:09 22:07:41
#------v: 2019:10:09 22:08:00
#------v: 2019:10:09 22:08:07
#------v: 2019:10:09 22:08:34
#------v: 2019:10:09 22:11:10
#------v: 2019:10:09 22:12:06
#------v: 2019:10:09 22:12:28
#------v: 2019:10:09 22:12:50
#------v: 2019:10:09 22:14:27
#------v: 2019:10:09 22:15:02
#------v: 2019:10:09 22:15:35
#------v: 2019:10:09 22:15:40
#------v: 2019:10:09 22:16:57
#------v: 2019:10:09 22:17:27
#------v: 2019:10:09 22:18:00
#------v: 2019:10:09 22:18:07
#------v: 2019:10:09 22:18:15
#------v: 2019:10:09 22:18:23
#------v: 2019:10:09 22:18:34
#------v: 2019:10:09 22:19:09
#------v: 2019:10:09 22:22:15
#------v: 2019:10:09 22:23:05
#------v: 2019:10:09 22:25:53
#------v: 2019:10:09 22:26:44
#------v: 2019:10:09 22:27:01
#------v: 2019:10:09 22:27:19
#------v: 2019:10:09 22:27:47
#------v: 2019:10:09 22:28:02
#------v: 2019:10:09 22:29:13
#------v: 2019:10:09 22:29:43
#------v: 2019:10:09 22:30:10
#------v: 2019:10:09 22:30:25
#------v: 2019:10:09 22:30:34
#------v: 2019:10:09 22:30:40
#------v: 2019:10:09 22:30:49
#------v: 2019:10:09 22:31:00
#------v: 2019:10:09 22:31:11
#------v: 2019:10:09 22:32:11
#------v: 2019:10:09 22:37:00
#------v: 2019:10:09 22:37:50
#------v: 2019:10:09 22:39:39
#------v: 2019:10:09 22:40:11
#------v: 2019:10:09 22:43:17
#------v: 2019:10:09 22:44:50
#------v: 2019:10:09 22:51:29
#------v: 2019:10:09 22:51:58
#------v: 2019:10:09 22:52:13
#------v: 2019:10:09 22:52:31
#------v: 2019:10:09 22:52:50
#------v: 2019:10:09 22:53:26
#------v: 2019:10:09 22:54:10
#------v: 2019:10:09 22:54:46
#------v: 2019:10:09 22:56:49
#------v: 2019:10:09 22:57:14
#------v: 2019:10:09 22:57:19
#------v: 2019:10:09 22:57:27
#------v: 2019:10:09 22:57:39